::1 - - [10/Dec/2020:15:47:36 +0000] "GET /portfolio HTTP/1.1" 200 - "http://localhost:5000/portfolio" "Mozilla/5.0 (Linux; Android 6.0; Nexus 5 Build/MRA58N) AppleWebKit/537.36 (KHTML, like Gecko) Chrome/87.0.4280.66 Mobile Safari/537.36"
::1 - - [10/Dec/2020:15:47:37 +0000] "GET /favicon.ico HTTP/1.1" 302 23 "http://localhost:5000/portfolio" "Mozilla/5.0 (Linux; Android 6.0; Nexus 5 Build/MRA58N) AppleWebKit/537.36 (KHTML, like Gecko) Chrome/87.0.4280.66 Mobile Safari/537.36"
::1 - - [10/Dec/2020:15:47:37 +0000] "GET / HTTP/1.1" 302 32 "http://localhost:5000/portfolio" "Mozilla/5.0 (Linux; Android 6.0; Nexus 5 Build/MRA58N) AppleWebKit/537.36 (KHTML, like Gecko) Chrome/87.0.4280.66 Mobile Safari/537.36"
::1 - - [10/Dec/2020:15:47:37 +0000] "GET /portfolio HTTP/1.1" 200 - "http://localhost:5000/portfolio" "Mozilla/5.0 (Linux; Android 6.0; Nexus 5 Build/MRA58N) AppleWebKit/537.36 (KHTML, like Gecko) Chrome/87.0.4280.66 Mobile Safari/537.36"
::ffff:127.0.0.1 - - [10/Dec/2020:15:48:27 +0000] "GET /portfolio HTTP/1.1" 200 - "http://localhost:5000/portfolio" "Mozilla/5.0 (Linux; Android 6.0; Nexus 5 Build/MRA58N) AppleWebKit/537.36 (KHTML, like Gecko) Chrome/87.0.4280.66 Mobile Safari/537.36"
::ffff:127.0.0.1 - - [10/Dec/2020:15:48:28 +0000] "GET /favicon.ico HTTP/1.1" 302 23 "http://localhost:5000/portfolio" "Mozilla/5.0 (Linux; Android 6.0; Nexus 5 Build/MRA58N) AppleWebKit/537.36 (KHTML, like Gecko) Chrome/87.0.4280.66 Mobile Safari/537.36"
::ffff:127.0.0.1 - - [10/Dec/2020:15:48:28 +0000] "GET / HTTP/1.1" 302 32 "http://localhost:5000/portfolio" "Mozilla/5.0 (Linux; Android 6.0; Nexus 5 Build/MRA58N) AppleWebKit/537.36 (KHTML, like Gecko) Chrome/87.0.4280.66 Mobile Safari/537.36"
::ffff:127.0.0.1 - - [10/Dec/2020:15:48:28 +0000] "GET /portfolio HTTP/1.1" 200 - "http://localhost:5000/portfolio" "Mozilla/5.0 (Linux; Android 6.0; Nexus 5 Build/MRA58N) AppleWebKit/537.36 (KHTML, like Gecko) Chrome/87.0.4280.66 Mobile Safari/537.36"
::1 - - [10/Dec/2020:15:48:42 +0000] "GET /portfolio HTTP/1.1" 200 - "http://localhost:5000/portfolio" "Mozilla/5.0 (Linux; Android 6.0; Nexus 5 Build/MRA58N) AppleWebKit/537.36 (KHTML, like Gecko) Chrome/87.0.4280.66 Mobile Safari/537.36"
::1 - - [10/Dec/2020:15:48:42 +0000] "GET /favicon.ico HTTP/1.1" 302 23 "http://localhost:5000/portfolio" "Mozilla/5.0 (Linux; Android 6.0; Nexus 5 Build/MRA58N) AppleWebKit/537.36 (KHTML, like Gecko) Chrome/87.0.4280.66 Mobile Safari/537.36"
::1 - - [10/Dec/2020:15:48:42 +0000] "GET / HTTP/1.1" 302 32 "http://localhost:5000/portfolio" "Mozilla/5.0 (Linux; Android 6.0; Nexus 5 Build/MRA58N) AppleWebKit/537.36 (KHTML, like Gecko) Chrome/87.0.4280.66 Mobile Safari/537.36"
::1 - - [10/Dec/2020:15:48:43 +0000] "GET /portfolio HTTP/1.1" 200 - "http://localhost:5000/portfolio" "Mozilla/5.0 (Linux; Android 6.0; Nexus 5 Build/MRA58N) AppleWebKit/537.36 (KHTML, like Gecko) Chrome/87.0.4280.66 Mobile Safari/537.36"
::1 - - [10/Dec/2020:15:49:01 +0000] "GET /portfolio HTTP/1.1" 200 - "http://localhost:5000/portfolio" "Mozilla/5.0 (Linux; Android 6.0; Nexus 5 Build/MRA58N) AppleWebKit/537.36 (KHTML, like Gecko) Chrome/87.0.4280.66 Mobile Safari/537.36"
::1 - - [10/Dec/2020:15:49:01 +0000] "GET /favicon.ico HTTP/1.1" 302 23 "http://localhost:5000/portfolio" "Mozilla/5.0 (Linux; Android 6.0; Nexus 5 Build/MRA58N) AppleWebKit/537.36 (KHTML, like Gecko) Chrome/87.0.4280.66 Mobile Safari/537.36"
::1 - - [10/Dec/2020:15:49:01 +0000] "GET / HTTP/1.1" 302 32 "http://localhost:5000/portfolio" "Mozilla/5.0 (Linux; Android 6.0; Nexus 5 Build/MRA58N) AppleWebKit/537.36 (KHTML, like Gecko) Chrome/87.0.4280.66 Mobile Safari/537.36"
::1 - - [10/Dec/2020:15:49:01 +0000] "GET /portfolio HTTP/1.1" 200 - "http://localhost:5000/portfolio" "Mozilla/5.0 (Linux; Android 6.0; Nexus 5 Build/MRA58N) AppleWebKit/537.36 (KHTML, like Gecko) Chrome/87.0.4280.66 Mobile Safari/537.36"
::1 - - [10/Dec/2020:15:49:19 +0000] "GET /portfolio HTTP/1.1" 200 - "http://localhost:5000/portfolio" "Mozilla/5.0 (Linux; Android 6.0; Nexus 5 Build/MRA58N) AppleWebKit/537.36 (KHTML, like Gecko) Chrome/87.0.4280.66 Mobile Safari/537.36"
::1 - - [10/Dec/2020:15:49:20 +0000] "GET /favicon.ico HTTP/1.1" 302 23 "http://localhost:5000/portfolio" "Mozilla/5.0 (Linux; Android 6.0; Nexus 5 Build/MRA58N) AppleWebKit/537.36 (KHTML, like Gecko) Chrome/87.0.4280.66 Mobile Safari/537.36"
::1 - - [10/Dec/2020:15:49:20 +0000] "GET / HTTP/1.1" 302 32 "http://localhost:5000/portfolio" "Mozilla/5.0 (Linux; Android 6.0; Nexus 5 Build/MRA58N) AppleWebKit/537.36 (KHTML, like Gecko) Chrome/87.0.4280.66 Mobile Safari/537.36"
::1 - - [10/Dec/2020:15:49:20 +0000] "GET /portfolio HTTP/1.1" 200 - "http://localhost:5000/portfolio" "Mozilla/5.0 (Linux; Android 6.0; Nexus 5 Build/MRA58N) AppleWebKit/537.36 (KHTML, like Gecko) Chrome/87.0.4280.66 Mobile Safari/537.36"
::1 - - [10/Dec/2020:15:49:45 +0000] "GET /portfolio HTTP/1.1" 200 - "http://localhost:5000/portfolio" "Mozilla/5.0 (Linux; Android 6.0; Nexus 5 Build/MRA58N) AppleWebKit/537.36 (KHTML, like Gecko) Chrome/87.0.4280.66 Mobile Safari/537.36"
::1 - - [10/Dec/2020:15:49:45 +0000] "GET /favicon.ico HTTP/1.1" 302 23 "http://localhost:5000/portfolio" "Mozilla/5.0 (Linux; Android 6.0; Nexus 5 Build/MRA58N) AppleWebKit/537.36 (KHTML, like Gecko) Chrome/87.0.4280.66 Mobile Safari/537.36"
::1 - - [10/Dec/2020:15:49:45 +0000] "GET / HTTP/1.1" 302 32 "http://localhost:5000/portfolio" "Mozilla/5.0 (Linux; Android 6.0; Nexus 5 Build/MRA58N) AppleWebKit/537.36 (KHTML, like Gecko) Chrome/87.0.4280.66 Mobile Safari/537.36"
::1 - - [10/Dec/2020:15:49:45 +0000] "GET /portfolio HTTP/1.1" 200 - "http://localhost:5000/portfolio" "Mozilla/5.0 (Linux; Android 6.0; Nexus 5 Build/MRA58N) AppleWebKit/537.36 (KHTML, like Gecko) Chrome/87.0.4280.66 Mobile Safari/537.36"
::1 - - [10/Dec/2020:15:50:54 +0000] "GET /portfolio HTTP/1.1" 200 - "http://localhost:5000/portfolio" "Mozilla/5.0 (Linux; Android 6.0; Nexus 5 Build/MRA58N) AppleWebKit/537.36 (KHTML, like Gecko) Chrome/87.0.4280.66 Mobile Safari/537.36"
::1 - - [10/Dec/2020:15:50:57 +0000] "GET /favicon.ico HTTP/1.1" 302 23 "http://localhost:5000/portfolio" "Mozilla/5.0 (Linux; Android 6.0; Nexus 5 Build/MRA58N) AppleWebKit/537.36 (KHTML, like Gecko) Chrome/87.0.4280.66 Mobile Safari/537.36"
::1 - - [10/Dec/2020:15:50:57 +0000] "GET / HTTP/1.1" 302 32 "http://localhost:5000/portfolio" "Mozilla/5.0 (Linux; Android 6.0; Nexus 5 Build/MRA58N) AppleWebKit/537.36 (KHTML, like Gecko) Chrome/87.0.4280.66 Mobile Safari/537.36"
::1 - - [10/Dec/2020:15:50:57 +0000] "GET /portfolio HTTP/1.1" 200 - "http://localhost:5000/portfolio" "Mozilla/5.0 (Linux; Android 6.0; Nexus 5 Build/MRA58N) AppleWebKit/537.36 (KHTML, like Gecko) Chrome/87.0.4280.66 Mobile Safari/537.36"
::1 - - [10/Dec/2020:15:51:47 +0000] "GET /portfolio HTTP/1.1" 200 - "http://localhost:5000/portfolio" "Mozilla/5.0 (Linux; Android 6.0; Nexus 5 Build/MRA58N) AppleWebKit/537.36 (KHTML, like Gecko) Chrome/87.0.4280.66 Mobile Safari/537.36"
::1 - - [10/Dec/2020:15:51:48 +0000] "GET /favicon.ico HTTP/1.1" 302 23 "http://localhost:5000/portfolio" "Mozilla/5.0 (Linux; Android 6.0; Nexus 5 Build/MRA58N) AppleWebKit/537.36 (KHTML, like Gecko) Chrome/87.0.4280.66 Mobile Safari/537.36"
::1 - - [10/Dec/2020:15:51:48 +0000] "GET / HTTP/1.1" 302 32 "http://localhost:5000/portfolio" "Mozilla/5.0 (Linux; Android 6.0; Nexus 5 Build/MRA58N) AppleWebKit/537.36 (KHTML, like Gecko) Chrome/87.0.4280.66 Mobile Safari/537.36"
::1 - - [10/Dec/2020:15:51:48 +0000] "GET /portfolio HTTP/1.1" 200 - "http://localhost:5000/portfolio" "Mozilla/5.0 (Linux; Android 6.0; Nexus 5 Build/MRA58N) AppleWebKit/537.36 (KHTML, like Gecko) Chrome/87.0.4280.66 Mobile Safari/537.36"
::1 - - [10/Dec/2020:15:53:14 +0000] "GET /portfolio HTTP/1.1" 200 - "http://localhost:5000/portfolio" "Mozilla/5.0 (Linux; Android 6.0; Nexus 5 Build/MRA58N) AppleWebKit/537.36 (KHTML, like Gecko) Chrome/87.0.4280.66 Mobile Safari/537.36"
::1 - - [10/Dec/2020:15:53:15 +0000] "GET /favicon.ico HTTP/1.1" 302 23 "http://localhost:5000/portfolio" "Mozilla/5.0 (Linux; Android 6.0; Nexus 5 Build/MRA58N) AppleWebKit/537.36 (KHTML, like Gecko) Chrome/87.0.4280.66 Mobile Safari/537.36"
::1 - - [10/Dec/2020:15:53:15 +0000] "GET / HTTP/1.1" 302 32 "http://localhost:5000/portfolio" "Mozilla/5.0 (Linux; Android 6.0; Nexus 5 Build/MRA58N) AppleWebKit/537.36 (KHTML, like Gecko) Chrome/87.0.4280.66 Mobile Safari/537.36"
::1 - - [10/Dec/2020:15:53:15 +0000] "GET /portfolio HTTP/1.1" 200 - "http://localhost:5000/portfolio" "Mozilla/5.0 (Linux; Android 6.0; Nexus 5 Build/MRA58N) AppleWebKit/537.36 (KHTML, like Gecko) Chrome/87.0.4280.66 Mobile Safari/537.36"
::1 - - [10/Dec/2020:15:53:51 +0000] "GET /portfolio HTTP/1.1" 200 - "http://localhost:5000/portfolio" "Mozilla/5.0 (Linux; Android 6.0; Nexus 5 Build/MRA58N) AppleWebKit/537.36 (KHTML, like Gecko) Chrome/87.0.4280.66 Mobile Safari/537.36"
::1 - - [10/Dec/2020:15:53:52 +0000] "GET /favicon.ico HTTP/1.1" 302 23 "http://localhost:5000/portfolio" "Mozilla/5.0 (Linux; Android 6.0; Nexus 5 Build/MRA58N) AppleWebKit/537.36 (KHTML, like Gecko) Chrome/87.0.4280.66 Mobile Safari/537.36"
::1 - - [10/Dec/2020:15:53:52 +0000] "GET / HTTP/1.1" 302 32 "http://localhost:5000/portfolio" "Mozilla/5.0 (Linux; Android 6.0; Nexus 5 Build/MRA58N) AppleWebKit/537.36 (KHTML, like Gecko) Chrome/87.0.4280.66 Mobile Safari/537.36"
::1 - - [10/Dec/2020:15:53:52 +0000] "GET /portfolio HTTP/1.1" 200 - "http://localhost:5000/portfolio" "Mozilla/5.0 (Linux; Android 6.0; Nexus 5 Build/MRA58N) AppleWebKit/537.36 (KHTML, like Gecko) Chrome/87.0.4280.66 Mobile Safari/537.36"
::1 - - [10/Dec/2020:15:54:02 +0000] "GET /portfolio HTTP/1.1" 200 - "http://localhost:5000/portfolio" "Mozilla/5.0 (Linux; Android 6.0; Nexus 5 Build/MRA58N) AppleWebKit/537.36 (KHTML, like Gecko) Chrome/87.0.4280.66 Mobile Safari/537.36"
::1 - - [10/Dec/2020:15:54:03 +0000] "GET /favicon.ico HTTP/1.1" 302 23 "http://localhost:5000/portfolio" "Mozilla/5.0 (Linux; Android 6.0; Nexus 5 Build/MRA58N) AppleWebKit/537.36 (KHTML, like Gecko) Chrome/87.0.4280.66 Mobile Safari/537.36"
::1 - - [10/Dec/2020:15:54:03 +0000] "GET / HTTP/1.1" 302 32 "http://localhost:5000/portfolio" "Mozilla/5.0 (Linux; Android 6.0; Nexus 5 Build/MRA58N) AppleWebKit/537.36 (KHTML, like Gecko) Chrome/87.0.4280.66 Mobile Safari/537.36"
::1 - - [10/Dec/2020:15:54:03 +0000] "GET /portfolio HTTP/1.1" 200 - "http://localhost:5000/portfolio" "Mozilla/5.0 (Linux; Android 6.0; Nexus 5 Build/MRA58N) AppleWebKit/537.36 (KHTML, like Gecko) Chrome/87.0.4280.66 Mobile Safari/537.36"
::1 - - [10/Dec/2020:15:55:24 +0000] "GET /portfolio HTTP/1.1" 200 - "http://localhost:5000/portfolio" "Mozilla/5.0 (Linux; Android 6.0; Nexus 5 Build/MRA58N) AppleWebKit/537.36 (KHTML, like Gecko) Chrome/87.0.4280.66 Mobile Safari/537.36"
::1 - - [10/Dec/2020:15:55:24 +0000] "GET /favicon.ico HTTP/1.1" 302 23 "http://localhost:5000/portfolio" "Mozilla/5.0 (Linux; Android 6.0; Nexus 5 Build/MRA58N) AppleWebKit/537.36 (KHTML, like Gecko) Chrome/87.0.4280.66 Mobile Safari/537.36"
::1 - - [10/Dec/2020:15:55:24 +0000] "GET / HTTP/1.1" 302 32 "http://localhost:5000/portfolio" "Mozilla/5.0 (Linux; Android 6.0; Nexus 5 Build/MRA58N) AppleWebKit/537.36 (KHTML, like Gecko) Chrome/87.0.4280.66 Mobile Safari/537.36"
::1 - - [10/Dec/2020:15:55:24 +0000] "GET /portfolio HTTP/1.1" 200 - "http://localhost:5000/portfolio" "Mozilla/5.0 (Linux; Android 6.0; Nexus 5 Build/MRA58N) AppleWebKit/537.36 (KHTML, like Gecko) Chrome/87.0.4280.66 Mobile Safari/537.36"
::1 - - [10/Dec/2020:15:55:35 +0000] "GET /portfolio HTTP/1.1" 200 - "http://localhost:5000/portfolio" "Mozilla/5.0 (Linux; Android 6.0; Nexus 5 Build/MRA58N) AppleWebKit/537.36 (KHTML, like Gecko) Chrome/87.0.4280.66 Mobile Safari/537.36"
::1 - - [10/Dec/2020:15:55:36 +0000] "GET /favicon.ico HTTP/1.1" 302 23 "http://localhost:5000/portfolio" "Mozilla/5.0 (Linux; Android 6.0; Nexus 5 Build/MRA58N) AppleWebKit/537.36 (KHTML, like Gecko) Chrome/87.0.4280.66 Mobile Safari/537.36"
::1 - - [10/Dec/2020:15:55:36 +0000] "GET / HTTP/1.1" 302 32 "http://localhost:5000/portfolio" "Mozilla/5.0 (Linux; Android 6.0; Nexus 5 Build/MRA58N) AppleWebKit/537.36 (KHTML, like Gecko) Chrome/87.0.4280.66 Mobile Safari/537.36"
::1 - - [10/Dec/2020:15:55:36 +0000] "GET /portfolio HTTP/1.1" 200 - "http://localhost:5000/portfolio" "Mozilla/5.0 (Linux; Android 6.0; Nexus 5 Build/MRA58N) AppleWebKit/537.36 (KHTML, like Gecko) Chrome/87.0.4280.66 Mobile Safari/537.36"
::1 - - [10/Dec/2020:15:55:52 +0000] "GET /portfolio HTTP/1.1" 200 - "http://localhost:5000/portfolio" "Mozilla/5.0 (Linux; Android 6.0; Nexus 5 Build/MRA58N) AppleWebKit/537.36 (KHTML, like Gecko) Chrome/87.0.4280.66 Mobile Safari/537.36"
::1 - - [10/Dec/2020:15:55:53 +0000] "GET /favicon.ico HTTP/1.1" 302 23 "http://localhost:5000/portfolio" "Mozilla/5.0 (Linux; Android 6.0; Nexus 5 Build/MRA58N) AppleWebKit/537.36 (KHTML, like Gecko) Chrome/87.0.4280.66 Mobile Safari/537.36"
::1 - - [10/Dec/2020:15:55:53 +0000] "GET / HTTP/1.1" 302 32 "http://localhost:5000/portfolio" "Mozilla/5.0 (Linux; Android 6.0; Nexus 5 Build/MRA58N) AppleWebKit/537.36 (KHTML, like Gecko) Chrome/87.0.4280.66 Mobile Safari/537.36"
::1 - - [10/Dec/2020:15:55:53 +0000] "GET /portfolio HTTP/1.1" 200 - "http://localhost:5000/portfolio" "Mozilla/5.0 (Linux; Android 6.0; Nexus 5 Build/MRA58N) AppleWebKit/537.36 (KHTML, like Gecko) Chrome/87.0.4280.66 Mobile Safari/537.36"
::1 - - [10/Dec/2020:15:56:06 +0000] "GET /portfolio HTTP/1.1" 200 - "http://localhost:5000/portfolio" "Mozilla/5.0 (Linux; Android 6.0; Nexus 5 Build/MRA58N) AppleWebKit/537.36 (KHTML, like Gecko) Chrome/87.0.4280.66 Mobile Safari/537.36"
::1 - - [10/Dec/2020:15:56:06 +0000] "GET /favicon.ico HTTP/1.1" 302 23 "http://localhost:5000/portfolio" "Mozilla/5.0 (Linux; Android 6.0; Nexus 5 Build/MRA58N) AppleWebKit/537.36 (KHTML, like Gecko) Chrome/87.0.4280.66 Mobile Safari/537.36"
::1 - - [10/Dec/2020:15:56:06 +0000] "GET / HTTP/1.1" 302 32 "http://localhost:5000/portfolio" "Mozilla/5.0 (Linux; Android 6.0; Nexus 5 Build/MRA58N) AppleWebKit/537.36 (KHTML, like Gecko) Chrome/87.0.4280.66 Mobile Safari/537.36"
::1 - - [10/Dec/2020:15:56:06 +0000] "GET /portfolio HTTP/1.1" 200 - "http://localhost:5000/portfolio" "Mozilla/5.0 (Linux; Android 6.0; Nexus 5 Build/MRA58N) AppleWebKit/537.36 (KHTML, like Gecko) Chrome/87.0.4280.66 Mobile Safari/537.36"
::1 - - [10/Dec/2020:15:56:15 +0000] "GET /portfolio HTTP/1.1" 200 - "http://localhost:5000/portfolio" "Mozilla/5.0 (Linux; Android 6.0; Nexus 5 Build/MRA58N) AppleWebKit/537.36 (KHTML, like Gecko) Chrome/87.0.4280.66 Mobile Safari/537.36"
::1 - - [10/Dec/2020:15:56:16 +0000] "GET /favicon.ico HTTP/1.1" 302 23 "http://localhost:5000/portfolio" "Mozilla/5.0 (Linux; Android 6.0; Nexus 5 Build/MRA58N) AppleWebKit/537.36 (KHTML, like Gecko) Chrome/87.0.4280.66 Mobile Safari/537.36"
::1 - - [10/Dec/2020:15:56:16 +0000] "GET / HTTP/1.1" 302 32 "http://localhost:5000/portfolio" "Mozilla/5.0 (Linux; Android 6.0; Nexus 5 Build/MRA58N) AppleWebKit/537.36 (KHTML, like Gecko) Chrome/87.0.4280.66 Mobile Safari/537.36"
::1 - - [10/Dec/2020:15:56:16 +0000] "GET /portfolio HTTP/1.1" 200 - "http://localhost:5000/portfolio" "Mozilla/5.0 (Linux; Android 6.0; Nexus 5 Build/MRA58N) AppleWebKit/537.36 (KHTML, like Gecko) Chrome/87.0.4280.66 Mobile Safari/537.36"
::1 - - [10/Dec/2020:15:56:33 +0000] "GET /portfolio HTTP/1.1" 200 - "http://localhost:5000/portfolio" "Mozilla/5.0 (Linux; Android 6.0; Nexus 5 Build/MRA58N) AppleWebKit/537.36 (KHTML, like Gecko) Chrome/87.0.4280.66 Mobile Safari/537.36"
::1 - - [10/Dec/2020:15:56:34 +0000] "GET /favicon.ico HTTP/1.1" 302 23 "http://localhost:5000/portfolio" "Mozilla/5.0 (Linux; Android 6.0; Nexus 5 Build/MRA58N) AppleWebKit/537.36 (KHTML, like Gecko) Chrome/87.0.4280.66 Mobile Safari/537.36"
::1 - - [10/Dec/2020:15:56:34 +0000] "GET / HTTP/1.1" 302 32 "http://localhost:5000/portfolio" "Mozilla/5.0 (Linux; Android 6.0; Nexus 5 Build/MRA58N) AppleWebKit/537.36 (KHTML, like Gecko) Chrome/87.0.4280.66 Mobile Safari/537.36"
::1 - - [10/Dec/2020:15:56:34 +0000] "GET /portfolio HTTP/1.1" 200 - "http://localhost:5000/portfolio" "Mozilla/5.0 (Linux; Android 6.0; Nexus 5 Build/MRA58N) AppleWebKit/537.36 (KHTML, like Gecko) Chrome/87.0.4280.66 Mobile Safari/537.36"
::1 - - [10/Dec/2020:15:56:46 +0000] "GET /portfolio HTTP/1.1" 200 - "http://localhost:5000/portfolio" "Mozilla/5.0 (Linux; Android 6.0; Nexus 5 Build/MRA58N) AppleWebKit/537.36 (KHTML, like Gecko) Chrome/87.0.4280.66 Mobile Safari/537.36"
::1 - - [10/Dec/2020:15:56:47 +0000] "GET /favicon.ico HTTP/1.1" 302 23 "http://localhost:5000/portfolio" "Mozilla/5.0 (Linux; Android 6.0; Nexus 5 Build/MRA58N) AppleWebKit/537.36 (KHTML, like Gecko) Chrome/87.0.4280.66 Mobile Safari/537.36"
::1 - - [10/Dec/2020:15:56:47 +0000] "GET / HTTP/1.1" 302 32 "http://localhost:5000/portfolio" "Mozilla/5.0 (Linux; Android 6.0; Nexus 5 Build/MRA58N) AppleWebKit/537.36 (KHTML, like Gecko) Chrome/87.0.4280.66 Mobile Safari/537.36"
::1 - - [10/Dec/2020:15:56:47 +0000] "GET /portfolio HTTP/1.1" 200 - "http://localhost:5000/portfolio" "Mozilla/5.0 (Linux; Android 6.0; Nexus 5 Build/MRA58N) AppleWebKit/537.36 (KHTML, like Gecko) Chrome/87.0.4280.66 Mobile Safari/537.36"
